Build started 22/11/2013 2:48:47 PM.
     1>Project "C:\Users\Liam\documents\visual studio 2012\Projects\hw3\hw3\hw3.vcxproj" on node 2 (Build target(s)).
     1>ClCompile:
         C:\Program Files (x86)\Microsoft Visual Studio 11.0\VC\bin\CL.exe /c /I./include /ZI /nologo /W3 /WX- /Od /Oy- /D _MBCS /Gm /EHsc /RTC1 /MDd /GS /fp:precise /Zc:wchar_t /Zc:forScope /Fo"Debug\\" /Fd"Debug\vc110.pdb" /Gd /TP /analyze- /errorReport:prompt DirectionalLight.cpp Parser.cpp PointLight.cpp Raytracer.cpp Scene.cpp main.cpp
         DirectionalLight.cpp
         Generating Code...
         Compiling...
         Scene.cpp
         Raytracer.cpp
         PointLight.cpp
         Parser.cpp
         Generating Code...
         Skipping... (no relevant changes detected)
         main.cpp
       Link:
         C:\Program Files (x86)\Microsoft Visual Studio 11.0\VC\bin\link.exe /ERRORREPORT:PROMPT /OUT:"C:\Users\Liam\documents\visual studio 2012\Projects\hw3\Debug\raytracer.exe" /INCREMENTAL /NOLOGO /LIBPATH:./libs kernel32.lib user32.lib gdi32.lib winspool.lib comdlg32.lib advapi32.lib shell32.lib ole32.lib oleaut32.lib uuid.lib odbc32.lib odbccp32.lib FreeImage.lib kernel32.lib user32.lib gdi32.lib winspool.lib comdlg32.lib advapi32.lib shell32.lib ole32.lib oleaut32.lib uuid.lib odbc32.lib odbccp32.lib /MANIFEST /MANIFESTUAC:"level='asInvoker' uiAccess='false'" /manifest:embed /DEBUG /PDB:"C:\Users\Liam\documents\visual studio 2012\Projects\hw3\Debug\raytracer.pdb" /TLBID:1 /DYNAMICBASE /NXCOMPAT /IMPLIB:"C:\Users\Liam\documents\visual studio 2012\Projects\hw3\Debug\raytracer.lib" /MACHINE:X86 Debug\Camera.obj
         Debug\Color.obj
         Debug\DirectionalLight.obj
         Debug\Ellipse.obj
         Debug\Image.obj
         Debug\main.obj
         Debug\Mat3.obj
         Debug\Mat4.obj
         Debug\Parser.obj
         Debug\Point.obj
         Debug\PointLight.obj
         Debug\Raytracer.obj
         Debug\Sampler.obj
         Debug\Scene.obj
         Debug\Sphere.obj
         Debug\Triangle.obj
         Debug\Vec3.obj
         Debug\Vec4.obj
         hw3.vcxproj -> C:\Users\Liam\documents\visual studio 2012\Projects\hw3\Debug\raytracer.exe
     1>Done Building Project "C:\Users\Liam\documents\visual studio 2012\Projects\hw3\hw3\hw3.vcxproj" (Build target(s)).

Build succeeded.

Time Elapsed 00:00:02.20
