Build started 24/11/2013 10:37:54 PM.
     1>Project "C:\Users\Liam\documents\visual studio 2012\Projects\hw3\hw3\hw3.vcxproj" on node 2 (Build target(s)).
     1>ClCompile:
         C:\Program Files (x86)\Microsoft Visual Studio 11.0\VC\bin\CL.exe /c /I./include /Zi /nologo /W3 /WX- /O2 /Oi /Oy- /GL /D _MBCS /Gm- /EHsc /MD /GS /Gy /fp:precise /Zc:wchar_t /Zc:forScope /Fo"Release\\" /Fd"Release\vc110.pdb" /Gd /TP /analyze- /errorReport:prompt Ellipse.cpp
         Ellipse.cpp
       Link:
         C:\Program Files (x86)\Microsoft Visual Studio 11.0\VC\bin\link.exe /ERRORREPORT:PROMPT /OUT:"C:\Users\Liam\documents\visual studio 2012\Projects\hw3\Release\raytracer.exe" /NOLOGO /LIBPATH:./libs kernel32.lib user32.lib gdi32.lib winspool.lib comdlg32.lib advapi32.lib shell32.lib ole32.lib oleaut32.lib uuid.lib odbc32.lib odbccp32.lib FreeImage.lib kernel32.lib user32.lib gdi32.lib winspool.lib comdlg32.lib advapi32.lib shell32.lib ole32.lib oleaut32.lib uuid.lib odbc32.lib odbccp32.lib /MANIFEST /MANIFESTUAC:"level='asInvoker' uiAccess='false'" /manifest:embed /DEBUG /PDB:"C:\Users\Liam\documents\visual studio 2012\Projects\hw3\Release\raytracer.pdb" /OPT:REF /OPT:ICF /LTCG /TLBID:1 /DYNAMICBASE /NXCOMPAT /IMPLIB:"C:\Users\Liam\documents\visual studio 2012\Projects\hw3\Release\raytracer.lib" /MACHINE:X86 /SAFESEH Release\Camera.obj
         Release\Color.obj
         Release\DirectionalLight.obj
         Release\Ellipse.obj
         Release\Image.obj
         Release\main.obj
         Release\Mat3.obj
         Release\Mat4.obj
         Release\Parser.obj
         Release\Point.obj
         Release\PointLight.obj
         Release\Raytracer.obj
         Release\Sampler.obj
         Release\Scene.obj
         Release\Sphere.obj
         Release\Triangle.obj
         Release\Vec3.obj
         Release\Vec4.obj
         Generating code
         Finished generating code
         hw3.vcxproj -> C:\Users\Liam\documents\visual studio 2012\Projects\hw3\Release\raytracer.exe
     1>Done Building Project "C:\Users\Liam\documents\visual studio 2012\Projects\hw3\hw3\hw3.vcxproj" (Build target(s)).

Build succeeded.

Time Elapsed 00:00:00.93
